Tool registered: Browser Tool (browser-tool)
Tool registered: File Tool (file-tool)
Tool registered: Code Tool (code-tool)
Skill registered: Add Memory (memory:add)
Skill registered: Search Memories (memory:search)
Skill registered: Enqueue Job (task-queue:enqueue)
Skill registered: Get Job Status (task-queue:get-status)
Skill registered: Cancel Job (task-queue:cancel-job)
Skill registered: Pause Job (task-queue:pause-job)
Skill registered: Resume Job (task-queue:resume-job)
Skill registered: Browser Tool (browser-tool)
Skill registered: File Tool (file-tool)
Skill registered: Code Tool (code-tool)
Agent registered: Planner Agent (planner-agent)
Agent registered: Browser Agent (browser-agent)
Agent registered: Research Agent (research-agent)
Agent registered: Coding Agent (coding-agent)
Agent registered: Reviewer Agent (reviewer-agent)
Agent registered: Writer Agent (writer-agent)
Agent registered: Orchestrator Agent (orchestrator-agent)
[4242:0709/061751.618186:FATAL:electron/shell/browser/electron_browser_main_parts.cc:527] Failed to shutdown.
/home/ubuntu/synapse-browser/node_modules/electron/dist/electron exited with signal SIGTERM
